
Status: FAILED!
Check: 1
Test: Included a private member variable called `timeZone`
Reason: Unable to find 'private:
string timeZone;' in the program.
Error : str - AssertionError
Timestamp: 2025-01-31 23:15:00.531834
