
Status: FAILED!
Check: 1
Test: 
Reason: 
Error : RuntimeError - There was an issue compiling the c++ files.
Timestamp: 2025-01-28 13:33:50.642375

Status: FAILED!
Check: 2
Test: 
Reason: 
Error : RuntimeError - There was an issue compiling the c++ files.
Timestamp: 2025-01-28 13:33:50.642523

Status: FAILED!
Check: 3
Test: 
Reason: 
Error : RuntimeError - There was an issue compiling the c++ files.
Timestamp: 2025-01-28 13:33:50.642631
