
Status: FAILED!
Check: 1
Test: 
Reason: 
Error : RuntimeError - There was an issue compiling the c++ files.
Timestamp: 2025-02-11 01:14:48.896841

Status: FAILED!
Check: 2
Test: 
Reason: 
Error : RuntimeError - There was an issue compiling the c++ files.
Timestamp: 2025-02-11 01:14:48.896961

Status: FAILED!
Check: 3
Test: 
Reason: 
Error : RuntimeError - There was an issue compiling the c++ files.
Timestamp: 2025-02-11 01:14:48.897029

Status: FAILED!
Check: 4
Test: 
Reason: 
Error : RuntimeError - There was an issue compiling the c++ files.
Timestamp: 2025-02-11 01:14:48.897084

Status: FAILED!
Check: 5
Test: 
Reason: 
Error : RuntimeError - There was an issue compiling the c++ files.
Timestamp: 2025-02-11 01:14:48.897135

Status: FAILED!
Check: 6
Test: 
Reason: 
Error : RuntimeError - There was an issue compiling the c++ files.
Timestamp: 2025-02-11 01:14:48.897185

Status: FAILED!
Check: 7
Test: 
Reason: 
Error : RuntimeError - There was an issue compiling the c++ files.
Timestamp: 2025-02-11 01:14:48.897230

Status: FAILED!
Check: 8
Test: 
Reason: 
Error : RuntimeError - There was an issue compiling the c++ files.
Timestamp: 2025-02-11 01:14:48.897276
